#
# There is insufficient memory for the Java Runtime Environment to continue.
# Native memory allocation (malloc) failed to allocate 1144176 bytes for Chunk::new
# Possible reasons:
#   The system is out of physical RAM or swap space
#   The process is running with CompressedOops enabled, and the Java Heap may be blocking the growth of the native heap
# Possible solutions:
#   Reduce memory load on the system
#   Increase physical memory or swap space
#   Check if swap backing store is full
#   Decrease Java heap size (-Xmx/-Xms)
#   Decrease number of Java threads
#   Decrease Java thread stack sizes (-Xss)
#   Set larger code cache with -XX:ReservedCodeCacheSize=
#   JVM is running with Unscaled Compressed Oops mode in which the Java heap is
#     placed in the first 4GB address space. The Java Heap base address is the
#     maximum limit for the native heap growth. Please use -XX:HeapBaseMinAddress
#     to set the Java Heap base and to place the Java Heap above 4GB virtual address.
# This output file may be truncated or incomplete.
#
#  Out of Memory Error (./src/hotspot/share/memory/arena.cpp:197), pid=21916, tid=15692
#
# JRE version: OpenJDK Runtime Environment (11.0.12+7) (build 11.0.12+7-b1504.28-7817840)
# Java VM: OpenJDK 64-Bit Server VM (11.0.12+7-b1504.28-7817840, mixed mode, tiered, compressed oops, g1 gc, windows-amd64)
# No core dump will be written. Minidumps are not enabled by default on client versions of Windows
#

---------------  S U M M A R Y ------------

Command Line: --add-opens=java.base/java.util=ALL-UNNAMED --add-opens=java.base/java.lang=ALL-UNNAMED --add-opens=java.base/java.lang.invoke=ALL-UNNAMED --add-opens=java.base/java.util=ALL-UNNAMED --add-opens=java.prefs/java.util.prefs=ALL-UNNAMED --add-opens=java.prefs/java.util.prefs=ALL-UNNAMED --add-opens=java.base/java.nio.charset=ALL-UNNAMED --add-opens=java.base/java.net=ALL-UNNAMED --add-opens=java.base/java.util.concurrent.atomic=ALL-UNNAMED -Xmx2048m -Dfile.encoding=UTF-8 -Duser.country=GB -Duser.language=en -Duser.variant org.gradle.launcher.daemon.bootstrap.GradleDaemon 7.3.3

Host: Intel(R) Core(TM) i5-1035G1 CPU @ 1.00GHz, 8 cores, 7G,  Windows 10 , 64 bit Build 19041 (10.0.19041.1889)
Time: Sun Oct 16 17:34:42 2022 GMT Summer Time elapsed time: 48.337175 seconds (0d 0h 0m 48s)

---------------  T H R E A D  ---------------

Current thread (0x0000024e3019c000):  JavaThread "C2 CompilerThread0" daemon [_thread_in_native, id=15692, stack(0x0000009d7ea00000,0x0000009d7eb00000)]


Current CompileTask:
C2:  48337 10812   !   4       java.net.URLClassLoader$1::run (63 bytes)

Stack: [0x0000009d7ea00000,0x0000009d7eb00000]
Native frames: (J=compiled Java code, j=interpreted, Vv=VM code, C=native code)
V  [jvm.dll+0x5fbcea]
V  [jvm.dll+0x731905]
V  [jvm.dll+0x732f1d]
V  [jvm.dll+0x7335d3]
V  [jvm.dll+0x247bf8]
V  [jvm.dll+0xc018c]
V  [jvm.dll+0xc06cc]
V  [jvm.dll+0x35b31d]
V  [jvm.dll+0x19d0bc]
V  [jvm.dll+0x20070e]
V  [jvm.dll+0x1ff794]
V  [jvm.dll+0x18868c]
V  [jvm.dll+0x20e0d7]
V  [jvm.dll+0x20c901]
V  [jvm.dll+0x6f9b7f]
V  [jvm.dll+0x6f26a5]
V  [jvm.dll+0x5fabf6]
C  [ucrtbase.dll+0x21bb2]
C  [KERNEL32.DLL+0x17034]
C  [ntdll.dll+0x526a1]


---------------  P R O C E S S  ---------------

Threads class SMR info:
_java_thread_list=0x0000024e36227fe0, length=133, elements={
0x0000024e1537f800, 0x0000024e2f817000, 0x0000024e2f820800, 0x0000024e30195800,
0x0000024e30196800, 0x0000024e30198000, 0x0000024e3019c000, 0x0000024e2f835000,
0x0000024e2f848800, 0x0000024e302f3800, 0x0000024e3222f000, 0x0000024e333f4800,
0x0000024e31888800, 0x0000024e33504800, 0x0000024e31b5d000, 0x0000024e319ea800,
0x0000024e32da3800, 0x0000024e3239a000, 0x0000024e315ed800, 0x0000024e3248c000,
0x0000024e32490000, 0x0000024e32491000, 0x0000024e3248d800, 0x0000024e3248b800,
0x0000024e32492000, 0x0000024e3248d000, 0x0000024e3248e800, 0x0000024e3248f800,
0x0000024e3227e800, 0x0000024e3227f800, 0x0000024e3227a800, 0x0000024e3227b800,
0x0000024e32282000, 0x0000024e32283800, 0x0000024e32280800, 0x0000024e3227e000,
0x0000024e32284800, 0x0000024e32285000, 0x0000024e32282800, 0x0000024e32286000,
0x0000024e32287000, 0x0000024e32281000, 0x0000024e32287800, 0x0000024e32288800,
0x0000024e331b4000, 0x0000024e331b6800, 0x0000024e331b3000, 0x0000024e331b5000,
0x0000024e331bb800, 0x0000024e331ba800, 0x0000024e331b8000, 0x0000024e331ba000,
0x0000024e331b5800, 0x0000024e331bc000, 0x0000024e331b7800, 0x0000024e331bd000,
0x0000024e331be000, 0x0000024e331be800, 0x0000024e331b9000, 0x0000024e331bf800,
0x0000024e331c0800, 0x0000024e331c1000, 0x0000024e331c2000, 0x0000024e32de0000,
0x0000024e32de2800, 0x0000024e32de3000, 0x0000024e32de1800, 0x0000024e32de6800,
0x0000024e32de5000, 0x0000024e32de5800, 0x0000024e32de4000, 0x0000024e32de0800,
0x0000024e32dea800, 0x0000024e32de7800, 0x0000024e32deb800, 0x0000024e32dec000,
0x0000024e32ded000, 0x0000024e32de9800, 0x0000024e32de9000, 0x0000024e32de8000,
0x0000024e32dee000, 0x0000024e32dee800, 0x0000024e35736000, 0x0000024e3573b800,
0x0000024e3573c800, 0x0000024e35737800, 0x0000024e35736800, 0x0000024e3573d000,
0x0000024e3573a000, 0x0000024e3573e000, 0x0000024e35738000, 0x0000024e3573a800,
0x0000024e3573f000, 0x0000024e35739000, 0x0000024e35743800, 0x0000024e35740800,
0x0000024e35744800, 0x0000024e3573f800, 0x0000024e35741000, 0x0000024e35742000,
0x0000024e35743000, 0x0000024e31037800, 0x0000024e3103a000, 0x0000024e3103b000,
0x0000024e31035000, 0x0000024e31036000, 0x0000024e3103b800, 0x0000024e3103c800,
0x0000024e31037000, 0x0000024e3103d800, 0x0000024e3103e000, 0x0000024e31038800,
0x0000024e3103f000, 0x0000024e31039000, 0x0000024e3103f800, 0x0000024e31040800,
0x0000024e31044000, 0x0000024e31041800, 0x0000024e31042000, 0x0000024e31043000,
0x0000024e33d6f800, 0x0000024e33d70800, 0x0000024e33d6f000, 0x0000024e33d73000,
0x0000024e33d6d800, 0x0000024e33d6e000, 0x0000024e33d75800, 0x0000024e33d76800,
0x0000024e33d77000, 0x0000024e33d74000, 0x0000024e33d74800, 0x0000024e33d71800,
0x0000024e33d79800
}

Java Threads: ( => current thread )
  0x0000024e1537f800 JavaThread "main" [_thread_blocked, id=28244, stack(0x0000009d7de00000,0x0000009d7df00000)]
  0x0000024e2f817000 JavaThread "Reference Handler" daemon [_thread_blocked, id=29356, stack(0x0000009d7e500000,0x0000009d7e600000)]
  0x0000024e2f820800 JavaThread "Finalizer" daemon [_thread_blocked, id=28456, stack(0x0000009d7e600000,0x0000009d7e700000)]
  0x0000024e30195800 JavaThread "Signal Dispatcher" daemon [_thread_blocked, id=11036, stack(0x0000009d7e700000,0x0000009d7e800000)]
  0x0000024e30196800 JavaThread "Attach Listener" daemon [_thread_blocked, id=10672, stack(0x0000009d7e800000,0x0000009d7e900000)]
  0x0000024e30198000 JavaThread "Service Thread" daemon [_thread_blocked, id=23236, stack(0x0000009d7e900000,0x0000009d7ea00000)]
=>0x0000024e3019c000 JavaThread "C2 CompilerThread0" daemon [_thread_in_native, id=15692, stack(0x0000009d7ea00000,0x0000009d7eb00000)]
  0x0000024e2f835000 JavaThread "C1 CompilerThread0" daemon [_thread_blocked, id=17680, stack(0x0000009d7eb00000,0x0000009d7ec00000)]
  0x0000024e2f848800 JavaThread "Sweeper thread" daemon [_thread_blocked, id=28716, stack(0x0000009d7ec00000,0x0000009d7ed00000)]
  0x0000024e302f3800 JavaThread "Common-Cleaner" daemon [_thread_blocked, id=24976, stack(0x0000009d7ed00000,0x0000009d7ee00000)]
  0x0000024e3222f000 JavaThread "Daemon health stats" [_thread_blocked, id=22612, stack(0x0000009d7f200000,0x0000009d7f300000)]
  0x0000024e333f4800 JavaThread "Incoming local TCP Connector on port 55381" [_thread_in_native, id=13544, stack(0x0000009d7f100000,0x0000009d7f200000)]
  0x0000024e31888800 JavaThread "Daemon periodic checks" [_thread_blocked, id=23576, stack(0x0000009d7f300000,0x0000009d7f400000)]
  0x0000024e33504800 JavaThread "Daemon" [_thread_blocked, id=22668, stack(0x0000009d7f400000,0x0000009d7f500000)]
  0x0000024e31b5d000 JavaThread "Handler for socket connection from /127.0.0.1:55381 to /127.0.0.1:55382" [_thread_in_native, id=8976, stack(0x0000009d7f500000,0x0000009d7f600000)]
  0x0000024e319ea800 JavaThread "Cancel handler" [_thread_blocked, id=1364, stack(0x0000009d7f600000,0x0000009d7f700000)]
  0x0000024e32da3800 JavaThread "Daemon worker" [_thread_blocked, id=26796, stack(0x0000009d7f700000,0x0000009d7f800000)]
  0x0000024e3239a000 JavaThread "Asynchronous log dispatcher for DefaultDaemonConnection: socket connection from /127.0.0.1:55381 to /127.0.0.1:55382" [_thread_blocked, id=2120, stack(0x0000009d7f800000,0x0000009d7f900000)]
  0x0000024e315ed800 JavaThread "Stdin handler" [_thread_blocked, id=14524, stack(0x0000009d7f900000,0x0000009d7fa00000)]
  0x0000024e3248c000 JavaThread "Daemon client event forwarder" [_thread_blocked, id=17748, stack(0x0000009d7fa00000,0x0000009d7fb00000)]
  0x0000024e32490000 JavaThread "Cache worker for journal cache (C:\Users\micha\.gradle\caches\journal-1)" [_thread_blocked, id=16560, stack(0x0000009d00000000,0x0000009d00100000)]
  0x0000024e32491000 JavaThread "File lock request listener" [_thread_in_native, id=22864, stack(0x0000009d00100000,0x0000009d00200000)]
  0x0000024e3248d800 JavaThread "Cache worker for file hash cache (C:\Users\micha\.gradle\caches\7.3.3\fileHashes)" [_thread_blocked, id=24744, stack(0x0000009d00200000,0x0000009d00300000)]
  0x0000024e3248b800 JavaThread "Cache worker for file hash cache (C:\Users\micha\OneDrive - Dundalk Institute of Technology\Year Three\MobileIntegration\CA1\.gradle\7.3.3\fileHashes)" [_thread_blocked, id=18648, stack(0x0000009d00500000,0x0000009d00600000)]
  0x0000024e32492000 JavaThread "File watcher server" daemon [_thread_in_native, id=12220, stack(0x0000009d00600000,0x0000009d00700000)]
  0x0000024e3248d000 JavaThread "File watcher consumer" daemon [_thread_blocked, id=3048, stack(0x0000009d00400000,0x0000009d00500000)]
  0x0000024e3248e800 JavaThread "Cache worker for checksums cache (C:\Users\micha\OneDrive - Dundalk Institute of Technology\Year Three\MobileIntegration\CA1\.gradle\7.3.3\checksums)" [_thread_blocked, id=14840, stack(0x0000009d00700000,0x0000009d00800000)]
  0x0000024e3248f800 JavaThread "Cache worker for cache directory md-supplier (C:\Users\micha\.gradle\caches\7.3.3\md-supplier)" [_thread_blocked, id=10604, stack(0x0000009d00800000,0x0000009d00900000)]
  0x0000024e3227e800 JavaThread "Cache worker for cache directory md-rule (C:\Users\micha\.gradle\caches\7.3.3\md-rule)" [_thread_blocked, id=13408, stack(0x0000009d00900000,0x0000009d00a00000)]
  0x0000024e3227f800 JavaThread "Cache worker for execution history cache (C:\Users\micha\.gradle\caches\7.3.3\executionHistory)" [_thread_blocked, id=26692, stack(0x0000009d00a00000,0x0000009d00b00000)]
  0x0000024e3227a800 JavaThread "jar transforms" [_thread_blocked, id=22632, stack(0x0000009d00c00000,0x0000009d00d00000)]
  0x0000024e3227b800 JavaThread "Cache worker for file content cache (C:\Users\micha\.gradle\caches\7.3.3\fileContent)" [_thread_blocked, id=14028, stack(0x0000009d00b00000,0x0000009d00c00000)]
  0x0000024e32282000 JavaThread "jar transforms Thread 2" [_thread_blocked, id=26348, stack(0x0000009d00d00000,0x0000009d00e00000)]
  0x0000024e32283800 JavaThread "Cache worker for dependencies-accessors (C:\Users\micha\OneDrive - Dundalk Institute of Technology\Year Three\MobileIntegration\CA1\.gradle\7.3.3\dependencies-accessors)" [_thread_blocked, id=3108, stack(0x0000009d00e00000,0x0000009d00f00000)]
  0x0000024e32280800 JavaThread "jar transforms Thread 3" [_thread_blocked, id=9256, stack(0x0000009d00f00000,0x0000009d01000000)]
  0x0000024e3227e000 JavaThread "Cache worker for Build Output Cleanup Cache (C:\Users\micha\OneDrive - Dundalk Institute of Technology\Year Three\MobileIntegration\CA1\.gradle\buildOutputCleanup)" [_thread_blocked, id=29548, stack(0x0000009d01000000,0x0000009d01100000)]
  0x0000024e32284800 JavaThread "Unconstrained build operations" [_thread_blocked, id=25696, stack(0x0000009d01100000,0x0000009d01200000)]
  0x0000024e32285000 JavaThread "Unconstrained build operations Thread 2" [_thread_blocked, id=29680, stack(0x0000009d01200000,0x0000009d01300000)]
  0x0000024e32282800 JavaThread "Unconstrained build operations Thread 3" [_thread_blocked, id=15096, stack(0x0000009d01300000,0x0000009d01400000)]
  0x0000024e32286000 JavaThread "Unconstrained build operations Thread 4" [_thread_blocked, id=22060, stack(0x0000009d01400000,0x0000009d01500000)]
  0x0000024e32287000 JavaThread "Unconstrained build operations Thread 5" [_thread_blocked, id=24824, stack(0x0000009d01500000,0x0000009d01600000)]
  0x0000024e32281000 JavaThread "Unconstrained build operations Thread 6" [_thread_blocked, id=16564, stack(0x0000009d01600000,0x0000009d01700000)]
  0x0000024e32287800 JavaThread "Unconstrained build operations Thread 7" [_thread_blocked, id=28148, stack(0x0000009d01700000,0x0000009d01800000)]
  0x0000024e32288800 JavaThread "Unconstrained build operations Thread 8" [_thread_blocked, id=8900, stack(0x0000009d01800000,0x0000009d01900000)]
  0x0000024e331b4000 JavaThread "Unconstrained build operations Thread 9" [_thread_blocked, id=14372, stack(0x0000009d01900000,0x0000009d01a00000)]
  0x0000024e331b6800 JavaThread "Unconstrained build operations Thread 10" [_thread_blocked, id=26716, stack(0x0000009d01a00000,0x0000009d01b00000)]
  0x0000024e331b3000 JavaThread "Unconstrained build operations Thread 11" [_thread_blocked, id=22484, stack(0x0000009d01b00000,0x0000009d01c00000)]
  0x0000024e331b5000 JavaThread "Unconstrained build operations Thread 12" [_thread_blocked, id=14748, stack(0x0000009d01c00000,0x0000009d01d00000)]
  0x0000024e331bb800 JavaThread "Unconstrained build operations Thread 13" [_thread_blocked, id=26948, stack(0x0000009d01d00000,0x0000009d01e00000)]
  0x0000024e331ba800 JavaThread "Unconstrained build operations Thread 14" [_thread_blocked, id=21748, stack(0x0000009d01e00000,0x0000009d01f00000)]
  0x0000024e331b8000 JavaThread "Unconstrained build operations Thread 15" [_thread_blocked, id=26656, stack(0x0000009d01f00000,0x0000009d02000000)]
  0x0000024e331ba000 JavaThread "Unconstrained build operations Thread 16" [_thread_blocked, id=21380, stack(0x0000009d02000000,0x0000009d02100000)]
  0x0000024e331b5800 JavaThread "Unconstrained build operations Thread 17" [_thread_blocked, id=11436, stack(0x0000009d02100000,0x0000009d02200000)]
  0x0000024e331bc000 JavaThread "Unconstrained build operations Thread 18" [_thread_blocked, id=27476, stack(0x0000009d02200000,0x0000009d02300000)]
  0x0000024e331b7800 JavaThread "Unconstrained build operations Thread 19" [_thread_blocked, id=7112, stack(0x0000009d02300000,0x0000009d02400000)]
  0x0000024e331bd000 JavaThread "Unconstrained build operations Thread 20" [_thread_blocked, id=26152, stack(0x0000009d02400000,0x0000009d02500000)]
  0x0000024e331be000 JavaThread "Unconstrained build operations Thread 21" [_thread_blocked, id=16132, stack(0x0000009d02500000,0x0000009d02600000)]
  0x0000024e331be800 JavaThread "Unconstrained build operations Thread 22" [_thread_blocked, id=27984, stack(0x0000009d02600000,0x0000009d02700000)]
  0x0000024e331b9000 JavaThread "Unconstrained build operations Thread 23" [_thread_blocked, id=18548, stack(0x0000009d02700000,0x0000009d02800000)]
  0x0000024e331bf800 JavaThread "Unconstrained build operations Thread 24" [_thread_blocked, id=1936, stack(0x0000009d02800000,0x0000009d02900000)]
  0x0000024e331c0800 JavaThread "Unconstrained build operations Thread 25" [_thread_blocked, id=28500, stack(0x0000009d02900000,0x0000009d02a00000)]
  0x0000024e331c1000 JavaThread "Unconstrained build operations Thread 26" [_thread_blocked, id=29536, stack(0x0000009d02a00000,0x0000009d02b00000)]
  0x0000024e331c2000 JavaThread "Unconstrained build operations Thread 27" [_thread_blocked, id=21768, stack(0x0000009d02b00000,0x0000009d02c00000)]
  0x0000024e32de0000 JavaThread "Unconstrained build operations Thread 28" [_thread_blocked, id=13208, stack(0x0000009d02c00000,0x0000009d02d00000)]
  0x0000024e32de2800 JavaThread "Unconstrained build operations Thread 29" [_thread_blocked, id=11620, stack(0x0000009d02d00000,0x0000009d02e00000)]
  0x0000024e32de3000 JavaThread "Unconstrained build operations Thread 30" [_thread_blocked, id=11956, stack(0x0000009d02e00000,0x0000009d02f00000)]
  0x0000024e32de1800 JavaThread "Unconstrained build operations Thread 31" [_thread_blocked, id=7608, stack(0x0000009d02f00000,0x0000009d03000000)]
  0x0000024e32de6800 JavaThread "Unconstrained build operations Thread 32" [_thread_blocked, id=23620, stack(0x0000009d03000000,0x0000009d03100000)]
  0x0000024e32de5000 JavaThread "Unconstrained build operations Thread 33" [_thread_blocked, id=14996, stack(0x0000009d03100000,0x0000009d03200000)]
  0x0000024e32de5800 JavaThread "Unconstrained build operations Thread 34" [_thread_blocked, id=25656, stack(0x0000009d03200000,0x0000009d03300000)]
  0x0000024e32de4000 JavaThread "Unconstrained build operations Thread 35" [_thread_blocked, id=636, stack(0x0000009d03300000,0x0000009d03400000)]
  0x0000024e32de0800 JavaThread "Unconstrained build operations Thread 36" [_thread_blocked, id=17192, stack(0x0000009d03400000,0x0000009d03500000)]
  0x0000024e32dea800 JavaThread "Unconstrained build operations Thread 37" [_thread_blocked, id=2780, stack(0x0000009d03500000,0x0000009d03600000)]
  0x0000024e32de7800 JavaThread "Unconstrained build operations Thread 38" [_thread_blocked, id=8256, stack(0x0000009d03600000,0x0000009d03700000)]
  0x0000024e32deb800 JavaThread "Unconstrained build operations Thread 39" [_thread_blocked, id=27480, stack(0x0000009d03700000,0x0000009d03800000)]
  0x0000024e32dec000 JavaThread "Unconstrained build operations Thread 40" [_thread_blocked, id=22364, stack(0x0000009d03800000,0x0000009d03900000)]
  0x0000024e32ded000 JavaThread "Unconstrained build operations Thread 41" [_thread_blocked, id=4756, stack(0x0000009d03900000,0x0000009d03a00000)]
  0x0000024e32de9800 JavaThread "Unconstrained build operations Thread 42" [_thread_blocked, id=27396, stack(0x0000009d03a00000,0x0000009d03b00000)]
  0x0000024e32de9000 JavaThread "Unconstrained build operations Thread 43" [_thread_blocked, id=23312, stack(0x0000009d03b00000,0x0000009d03c00000)]
  0x0000024e32de8000 JavaThread "Unconstrained build operations Thread 44" [_thread_blocked, id=25472, stack(0x0000009d03c00000,0x0000009d03d00000)]
  0x0000024e32dee000 JavaThread "Unconstrained build operations Thread 45" [_thread_blocked, id=16416, stack(0x0000009d03d00000,0x0000009d03e00000)]
  0x0000024e32dee800 JavaThread "Unconstrained build operations Thread 46" [_thread_blocked, id=16528, stack(0x0000009d03e00000,0x0000009d03f00000)]
  0x0000024e35736000 JavaThread "Unconstrained build operations Thread 47" [_thread_blocked, id=26104, stack(0x0000009d03f00000,0x0000009d04000000)]
  0x0000024e3573b800 JavaThread "Unconstrained build operations Thread 48" [_thread_blocked, id=10380, stack(0x0000009d04000000,0x0000009d04100000)]
  0x0000024e3573c800 JavaThread "Unconstrained build operations Thread 49" [_thread_blocked, id=22980, stack(0x0000009d04100000,0x0000009d04200000)]
  0x0000024e35737800 JavaThread "Unconstrained build operations Thread 50" [_thread_blocked, id=20116, stack(0x0000009d04200000,0x0000009d04300000)]
  0x0000024e35736800 JavaThread "Unconstrained build operations Thread 51" [_thread_blocked, id=10596, stack(0x0000009d04300000,0x0000009d04400000)]
  0x0000024e3573d000 JavaThread "Unconstrained build operations Thread 52" [_thread_blocked, id=29512, stack(0x0000009d04400000,0x0000009d04500000)]
  0x0000024e3573a000 JavaThread "Unconstrained build operations Thread 53" [_thread_blocked, id=23756, stack(0x0000009d04500000,0x0000009d04600000)]
  0x0000024e3573e000 JavaThread "Unconstrained build operations Thread 54" [_thread_blocked, id=23832, stack(0x0000009d04600000,0x0000009d04700000)]
  0x0000024e35738000 JavaThread "Unconstrained build operations Thread 55" [_thread_blocked, id=9748, stack(0x0000009d04700000,0x0000009d04800000)]
  0x0000024e3573a800 JavaThread "Unconstrained build operations Thread 56" [_thread_blocked, id=26704, stack(0x0000009d04800000,0x0000009d04900000)]
  0x0000024e3573f000 JavaThread "Unconstrained build operations Thread 57" [_thread_blocked, id=19220, stack(0x0000009d04900000,0x0000009d04a00000)]
  0x0000024e35739000 JavaThread "Unconstrained build operations Thread 58" [_thread_blocked, id=18172, stack(0x0000009d04a00000,0x0000009d04b00000)]
  0x0000024e35743800 JavaThread "Unconstrained build operations Thread 59" [_thread_blocked, id=21220, stack(0x0000009d04b00000,0x0000009d04c00000)]
  0x0000024e35740800 JavaThread "Unconstrained build operations Thread 60" [_thread_blocked, id=29200, stack(0x0000009d04c00000,0x0000009d04d00000)]
  0x0000024e35744800 JavaThread "Unconstrained build operations Thread 61" [_thread_blocked, id=16776, stack(0x0000009d04d00000,0x0000009d04e00000)]
  0x0000024e3573f800 JavaThread "Unconstrained build operations Thread 62" [_thread_blocked, id=17116, stack(0x0000009d04e00000,0x0000009d04f00000)]
  0x0000024e35741000 JavaThread "Unconstrained build operations Thread 63" [_thread_blocked, id=21976, stack(0x0000009d04f00000,0x0000009d05000000)]
  0x0000024e35742000 JavaThread "Unconstrained build operations Thread 64" [_thread_blocked, id=26968, stack(0x0000009d05000000,0x0000009d05100000)]
  0x0000024e35743000 JavaThread "Unconstrained build operations Thread 65" [_thread_blocked, id=13696, stack(0x0000009d05100000,0x0000009d05200000)]
  0x0000024e31037800 JavaThread "Unconstrained build operations Thread 66" [_thread_blocked, id=1532, stack(0x0000009d05200000,0x0000009d05300000)]
  0x0000024e3103a000 JavaThread "Unconstrained build operations Thread 67" [_thread_blocked, id=21160, stack(0x0000009d05300000,0x0000009d05400000)]
  0x0000024e3103b000 JavaThread "Unconstrained build operations Thread 68" [_thread_blocked, id=20932, stack(0x0000009d05400000,0x0000009d05500000)]
  0x0000024e31035000 JavaThread "Unconstrained build operations Thread 69" [_thread_blocked, id=22800, stack(0x0000009d05500000,0x0000009d05600000)]
  0x0000024e31036000 JavaThread "Unconstrained build operations Thread 70" [_thread_blocked, id=24284, stack(0x0000009d05600000,0x0000009d05700000)]
  0x0000024e3103b800 JavaThread "Unconstrained build operations Thread 71" [_thread_blocked, id=1704, stack(0x0000009d05700000,0x0000009d05800000)]
  0x0000024e3103c800 JavaThread "Unconstrained build operations Thread 72" [_thread_blocked, id=22776, stack(0x0000009d05800000,0x0000009d05900000)]
  0x0000024e31037000 JavaThread "Unconstrained build operations Thread 73" [_thread_blocked, id=10612, stack(0x0000009d05900000,0x0000009d05a00000)]
  0x0000024e3103d800 JavaThread "Unconstrained build operations Thread 74" [_thread_blocked, id=14788, stack(0x0000009d05a00000,0x0000009d05b00000)]
  0x0000024e3103e000 JavaThread "Unconstrained build operations Thread 75" [_thread_blocked, id=19320, stack(0x0000009d05b00000,0x0000009d05c00000)]
  0x0000024e31038800 JavaThread "Unconstrained build operations Thread 76" [_thread_blocked, id=3972, stack(0x0000009d05c00000,0x0000009d05d00000)]
  0x0000024e3103f000 JavaThread "Unconstrained build operations Thread 77" [_thread_blocked, id=12748, stack(0x0000009d05d00000,0x0000009d05e00000)]
  0x0000024e31039000 JavaThread "Unconstrained build operations Thread 78" [_thread_blocked, id=27440, stack(0x0000009d05e00000,0x0000009d05f00000)]
  0x0000024e3103f800 JavaThread "Unconstrained build operations Thread 79" [_thread_blocked, id=7416, stack(0x0000009d05f00000,0x0000009d06000000)]
  0x0000024e31040800 JavaThread "Unconstrained build operations Thread 80" [_thread_blocked, id=21776, stack(0x0000009d06000000,0x0000009d06100000)]
  0x0000024e31044000 JavaThread "jar transforms Thread 4" [_thread_blocked, id=1228, stack(0x0000009d06100000,0x0000009d06200000)]
  0x0000024e31041800 JavaThread "jar transforms Thread 5" [_thread_blocked, id=11028, stack(0x0000009d06200000,0x0000009d06300000)]
  0x0000024e31042000 JavaThread "jar transforms Thread 6" [_thread_blocked, id=5476, stack(0x0000009d06300000,0x0000009d06400000)]
  0x0000024e31043000 JavaThread "jar transforms Thread 7" [_thread_blocked, id=16104, stack(0x0000009d06400000,0x0000009d06500000)]
  0x0000024e33d6f800 JavaThread "jar transforms Thread 8" [_thread_blocked, id=25800, stack(0x0000009d06500000,0x0000009d06600000)]
  0x0000024e33d70800 JavaThread "Memory manager" [_thread_blocked, id=15076, stack(0x0000009d06600000,0x0000009d06700000)]
  0x0000024e33d6f000 JavaThread "build event listener" [_thread_blocked, id=29620, stack(0x0000009d06700000,0x0000009d06800000)]
  0x0000024e33d73000 JavaThread "build event listener" [_thread_blocked, id=7252, stack(0x0000009d06b00000,0x0000009d06c00000)]
  0x0000024e33d6d800 JavaThread "Execution worker for ':'" [_thread_blocked, id=11860, stack(0x0000009d06c00000,0x0000009d06d00000)]
  0x0000024e33d6e000 JavaThread "Execution worker for ':' Thread 2" [_thread_blocked, id=29460, stack(0x0000009d06d00000,0x0000009d06e00000)]
  0x0000024e33d75800 JavaThread "Execution worker for ':' Thread 3" [_thread_blocked, id=1812, stack(0x0000009d06e00000,0x0000009d06f00000)]
  0x0000024e33d76800 JavaThread "Execution worker for ':' Thread 4" [_thread_blocked, id=364, stack(0x0000009d06f00000,0x0000009d07000000)]
  0x0000024e33d77000 JavaThread "Execution worker for ':' Thread 5" [_thread_blocked, id=19332, stack(0x0000009d07000000,0x0000009d07100000)]
  0x0000024e33d74000 JavaThread "Execution worker for ':' Thread 6" [_thread_blocked, id=21152, stack(0x0000009d07100000,0x0000009d07200000)]
  0x0000024e33d74800 JavaThread "Execution worker for ':' Thread 7" [_thread_blocked, id=25952, stack(0x0000009d07200000,0x0000009d07300000)]
  0x0000024e33d71800 JavaThread "Cache worker for execution history cache (C:\Users\micha\OneDrive - Dundalk Institute of Technology\Year Three\MobileIntegration\CA1\.gradle\7.3.3\executionHistory)" [_thread_blocked, id=1988, stack(0x0000009d07300000,0x0000009d07400000)]
  0x0000024e33d79800 JavaThread "Thread-120" [_thread_in_native, id=10068, stack(0x0000009d06a00000,0x0000009d06b00000)]

Other Threads:
  0x0000024e2f811000 VMThread "VM Thread" [stack: 0x0000009d7e400000,0x0000009d7e500000] [id=29472]
  0x0000024e3031c000 WatcherThread [stack: 0x0000009d7ee00000,0x0000009d7ef00000] [id=15328]
  0x0000024e15398800 GCTaskThread "GC Thread#0" [stack: 0x0000009d7df00000,0x0000009d7e000000] [id=23680]
  0x0000024e306ed000 GCTaskThread "GC Thread#1" [stack: 0x0000009d7ef00000,0x0000009d7f000000] [id=6888]
  0x0000024e30e9d800 GCTaskThread "GC Thread#2" [stack: 0x0000009d7f000000,0x0000009d7f100000] [id=10468]
  0x0000024e31822000 GCTaskThread "GC Thread#3" [stack: 0x0000009d7fb00000,0x0000009d7fc00000] [id=17888]
  0x0000024e330f0800 GCTaskThread "GC Thread#4" [stack: 0x0000009d7fc00000,0x0000009d7fd00000] [id=956]
  0x0000024e30f8a800 GCTaskThread "GC Thread#5" [stack: 0x0000009d7fd00000,0x0000009d7fe00000] [id=10760]
  0x0000024e3197f800 GCTaskThread "GC Thread#6" [stack: 0x0000009d7fe00000,0x0000009d7ff00000] [id=24188]
  0x0000024e31c83800 GCTaskThread "GC Thread#7" [stack: 0x0000009d7ff00000,0x0000009d80000000] [id=9248]
  0x0000024e153ca000 ConcurrentGCThread "G1 Main Marker" [stack: 0x0000009d7e000000,0x0000009d7e100000] [id=23560]
  0x0000024e153cb000 ConcurrentGCThread "G1 Conc#0" [stack: 0x0000009d7e100000,0x0000009d7e200000] [id=17800]
  0x0000024e30463000 ConcurrentGCThread "G1 Conc#1" [stack: 0x0000009d00300000,0x0000009d00400000] [id=27268]
  0x0000024e2f660800 ConcurrentGCThread "G1 Refine#0" [stack: 0x0000009d7e200000,0x0000009d7e300000] [id=14400]
  0x0000024e2f661800 ConcurrentGCThread "G1 Young RemSet Sampling" [stack: 0x0000009d7e300000,0x0000009d7e400000] [id=2108]

Threads with active compile tasks:
C2 CompilerThread0  48394 10812   !   4       java.net.URLClassLoader$1::run (63 bytes)

VM state:not at safepoint (normal execution)

VM Mutex/Monitor currently owned by a thread: None

Heap address: 0x0000000080000000, size: 2048 MB, Compressed Oops mode: 32-bit
Narrow klass base: 0x0000000000000000, Narrow klass shift: 3
Compressed class space size: 1073741824 Address: 0x0000000100000000

Heap:
 garbage-first heap   total 129024K, used 88430K [0x0000000080000000, 0x0000000100000000)
  region size 1024K, 10 young (10240K), 4 survivors (4096K)
 Metaspace       used 93071K, capacity 95199K, committed 95404K, reserved 1132544K
  class space    used 12135K, capacity 12947K, committed 13056K, reserved 1048576K
Heap Regions: E=young(eden), S=young(survivor), O=old, HS=humongous(starts), HC=humongous(continues), CS=collection set, F=free, A=archive, TAMS=top-at-mark-start (previous, next)
|   0|0x0000000080000000, 0x0000000080100000, 0x0000000080100000|100%| O|  |TAMS 0x0000000080100000, 0x0000000080000000| Untracked 
|   1|0x0000000080100000, 0x0000000080200000, 0x0000000080200000|100%| O|  |TAMS 0x0000000080200000, 0x0000000080100000| Untracked 
|   2|0x0000000080200000, 0x0000000080300000, 0x0000000080300000|100%| O|  |TAMS 0x0000000080300000, 0x0000000080200000| Untracked 
|   3|0x0000000080300000, 0x0000000080400000, 0x0000000080400000|100%|HS|  |TAMS 0x0000000080400000, 0x0000000080300000| Complete 
|   4|0x0000000080400000, 0x0000000080500000, 0x0000000080500000|100%|HC|  |TAMS 0x0000000080500000, 0x0000000080400000| Complete 
|   5|0x0000000080500000, 0x0000000080600000, 0x0000000080600000|100%|HC|  |TAMS 0x0000000080600000, 0x0000000080500000| Complete 
|   6|0x0000000080600000, 0x0000000080700000, 0x0000000080700000|100%| O|  |TAMS 0x0000000080700000, 0x0000000080600000| Untracked 
|   7|0x0000000080700000, 0x0000000080800000, 0x0000000080800000|100%| O|  |TAMS 0x0000000080800000, 0x0000000080700000| Untracked 
|   8|0x0000000080800000, 0x0000000080900000, 0x0000000080900000|100%| O|  |TAMS 0x0000000080900000, 0x0000000080800000| Untracked 
|   9|0x0000000080900000, 0x0000000080a00000, 0x0000000080a00000|100%| O|  |TAMS 0x0000000080a00000, 0x0000000080900000| Untracked 
|  10|0x0000000080a00000, 0x0000000080b00000, 0x0000000080b00000|100%| O|  |TAMS 0x0000000080b00000, 0x0000000080a00000| Untracked 
|  11|0x0000000080b00000, 0x0000000080c00000, 0x0000000080c00000|100%| O|  |TAMS 0x0000000080c00000, 0x0000000080b00000| Untracked 
|  12|0x0000000080c00000, 0x0000000080d00000, 0x0000000080d00000|100%| O|  |TAMS 0x0000000080d00000, 0x0000000080c00000| Untracked 
|  13|0x0000000080d00000, 0x0000000080e00000, 0x0000000080e00000|100%| O|  |TAMS 0x0000000080e00000, 0x0000000080d00000| Untracked 
|  14|0x0000000080e00000, 0x0000000080f00000, 0x0000000080f00000|100%| O|  |TAMS 0x0000000080f00000, 0x0000000080e00000| Untracked 
|  15|0x0000000080f00000, 0x0000000081000000, 0x0000000081000000|100%| O|  |TAMS 0x0000000081000000, 0x0000000080f00000| Untracked 
|  16|0x0000000081000000, 0x0000000081100000, 0x0000000081100000|100%|HS|  |TAMS 0x0000000081100000, 0x0000000081000000| Complete 
|  17|0x0000000081100000, 0x0000000081200000, 0x0000000081200000|100%| O|  |TAMS 0x0000000081200000, 0x0000000081100000| Untracked 
|  18|0x0000000081200000, 0x0000000081300000, 0x0000000081300000|100%| O|  |TAMS 0x0000000081300000, 0x0000000081200000| Untracked 
|  19|0x0000000081300000, 0x0000000081400000, 0x0000000081400000|100%| O|  |TAMS 0x0000000081400000, 0x0000000081300000| Untracked 
|  20|0x0000000081400000, 0x0000000081500000, 0x0000000081500000|100%| O|  |TAMS 0x0000000081500000, 0x0000000081400000| Untracked 
|  21|0x0000000081500000, 0x0000000081600000, 0x0000000081600000|100%| O|  |TAMS 0x0000000081600000, 0x0000000081500000| Untracked 
|  22|0x0000000081600000, 0x0000000081700000, 0x0000000081700000|100%| O|  |TAMS 0x0000000081700000, 0x0000000081600000| Untracked 
|  23|0x0000000081700000, 0x0000000081800000, 0x0000000081800000|100%| O|  |TAMS 0x0000000081800000, 0x0000000081700000| Untracked 
|  24|0x0000000081800000, 0x0000000081900000, 0x0000000081900000|100%| O|  |TAMS 0x0000000081900000, 0x0000000081800000| Untracked 
|  25|0x0000000081900000, 0x0000000081a00000, 0x0000000081a00000|100%| O|  |TAMS 0x0000000081a00000, 0x0000000081900000| Untracked 
|  26|0x0000000081a00000, 0x0000000081b00000, 0x0000000081b00000|100%| O|  |TAMS 0x0000000081b00000, 0x0000000081a00000| Untracked 
|  27|0x0000000081b00000, 0x0000000081c00000, 0x0000000081c00000|100%| O|  |TAMS 0x0000000081c00000, 0x0000000081b00000| Untracked 
|  28|0x0000000081c00000, 0x0000000081d00000, 0x0000000081d00000|100%|HS|  |TAMS 0x0000000081d00000, 0x0000000081c00000| Complete 
|  29|0x0000000081d00000, 0x0000000081e00000, 0x0000000081e00000|100%|HS|  |TAMS 0x0000000081e00000, 0x0000000081d00000| Complete 
|  30|0x0000000081e00000, 0x0000000081f00000, 0x0000000081f00000|100%|HS|  |TAMS 0x0000000081f00000, 0x0000000081e00000| Complete 
|  31|0x0000000081f00000, 0x0000000082000000, 0x0000000082000000|100%|HC|  |TAMS 0x0000000082000000, 0x0000000081f00000| Complete 
|  32|0x0000000082000000, 0x0000000082100000, 0x0000000082100000|100%|HC|  |TAMS 0x0000000082100000, 0x0000000082000000| Complete 
|  33|0x0000000082100000, 0x0000000082200000, 0x0000000082200000|100%| O|  |TAMS 0x0000000082200000, 0x0000000082100000| Untracked 
|  34|0x0000000082200000, 0x0000000082300000, 0x0000000082300000|100%| O|  |TAMS 0x0000000082300000, 0x0000000082200000| Untracked 
|  35|0x0000000082300000, 0x0000000082400000, 0x0000000082400000|100%|HS|  |TAMS 0x0000000082400000, 0x0000000082300000| Complete 
|  36|0x0000000082400000, 0x0000000082500000, 0x0000000082500000|100%|HC|  |TAMS 0x0000000082500000, 0x0000000082400000| Complete 
|  37|0x0000000082500000, 0x0000000082600000, 0x0000000082600000|100%| O|  |TAMS 0x0000000082600000, 0x0000000082500000| Untracked 
|  38|0x0000000082600000, 0x0000000082700000, 0x0000000082700000|100%| O|  |TAMS 0x0000000082700000, 0x0000000082600000| Untracked 
|  39|0x0000000082700000, 0x0000000082800000, 0x0000000082800000|100%| O|  |TAMS 0x0000000082800000, 0x0000000082700000| Untracked 
|  40|0x0000000082800000, 0x0000000082900000, 0x0000000082900000|100%| O|  |TAMS 0x0000000082900000, 0x0000000082800000| Untracked 
|  41|0x0000000082900000, 0x0000000082a00000, 0x0000000082a00000|100%| O|  |TAMS 0x0000000082a00000, 0x0000000082900000| Untracked 
|  42|0x0000000082a00000, 0x0000000082b00000, 0x0000000082b00000|100%| O|  |TAMS 0x0000000082b00000, 0x0000000082a00000| Untracked 
|  43|0x0000000082b00000, 0x0000000082c00000, 0x0000000082c00000|100%| O|  |TAMS 0x0000000082c00000, 0x0000000082b00000| Untracked 
|  44|0x0000000082c00000, 0x0000000082d00000, 0x0000000082d00000|100%| O|  |TAMS 0x0000000082d00000, 0x0000000082c00000| Untracked 
|  45|0x0000000082d00000, 0x0000000082e00000, 0x0000000082e00000|100%| O|  |TAMS 0x0000000082e00000, 0x0000000082d00000| Untracked 
|  46|0x0000000082e00000, 0x0000000082f00000, 0x0000000082f00000|100%| O|  |TAMS 0x0000000082f00000, 0x0000000082e00000| Untracked 
|  47|0x0000000082f00000, 0x0000000083000000, 0x0000000083000000|100%| O|  |TAMS 0x0000000083000000, 0x0000000082f00000| Untracked 
|  48|0x0000000083000000, 0x0000000083100000, 0x0000000083100000|100%| O|  |TAMS 0x0000000083100000, 0x0000000083000000| Untracked 
|  49|0x0000000083100000, 0x0000000083200000, 0x0000000083200000|100%| O|  |TAMS 0x0000000083200000, 0x0000000083100000| Untracked 
|  50|0x0000000083200000, 0x0000000083300000, 0x0000000083300000|100%| O|  |TAMS 0x0000000083300000, 0x0000000083200000| Untracked 
|  51|0x0000000083300000, 0x0000000083400000, 0x0000000083400000|100%| O|  |TAMS 0x0000000083400000, 0x0000000083300000| Untracked 
|  52|0x0000000083400000, 0x0000000083500000, 0x0000000083500000|100%| O|  |TAMS 0x0000000083500000, 0x0000000083400000| Untracked 
|  53|0x0000000083500000, 0x00000000835ffff8, 0x0000000083600000| 99%| O|  |TAMS 0x00000000835ffff8, 0x0000000083500000| Untracked 
|  54|0x0000000083600000, 0x0000000083700000, 0x0000000083700000|100%| O|  |TAMS 0x0000000083700000, 0x0000000083600000| Untracked 
|  55|0x0000000083700000, 0x0000000083800000, 0x0000000083800000|100%| O|  |TAMS 0x0000000083800000, 0x0000000083700000| Untracked 
|  56|0x0000000083800000, 0x0000000083900000, 0x0000000083900000|100%| O|  |TAMS 0x0000000083900000, 0x0000000083800000| Untracked 
|  57|0x0000000083900000, 0x0000000083a00000, 0x0000000083a00000|100%| O|  |TAMS 0x0000000083a00000, 0x0000000083900000| Untracked 
|  58|0x0000000083a00000, 0x0000000083b00000, 0x0000000083b00000|100%| O|  |TAMS 0x0000000083b00000, 0x0000000083a00000| Untracked 
|  59|0x0000000083b00000, 0x0000000083c00000, 0x0000000083c00000|100%| O|  |TAMS 0x0000000083c00000, 0x0000000083b00000| Untracked 
|  60|0x0000000083c00000, 0x0000000083d00000, 0x0000000083d00000|100%| O|  |TAMS 0x0000000083d00000, 0x0000000083c00000| Untracked 
|  61|0x0000000083d00000, 0x0000000083e00000, 0x0000000083e00000|100%| O|  |TAMS 0x0000000083e00000, 0x0000000083d00000| Untracked 
|  62|0x0000000083e00000, 0x0000000083f00000, 0x0000000083f00000|100%| O|  |TAMS 0x0000000083f00000, 0x0000000083e00000| Untracked 
|  63|0x0000000083f00000, 0x0000000084000000, 0x0000000084000000|100%| O|  |TAMS 0x0000000084000000, 0x0000000083f00000| Untracked 
|  64|0x0000000084000000, 0x0000000084100000, 0x0000000084100000|100%| O|  |TAMS 0x0000000084100000, 0x0000000084000000| Untracked 
|  65|0x0000000084100000, 0x0000000084200000, 0x0000000084200000|100%| O|  |TAMS 0x0000000084200000, 0x0000000084100000| Untracked 
|  66|0x0000000084200000, 0x0000000084300000, 0x0000000084300000|100%| O|  |TAMS 0x0000000084300000, 0x0000000084200000| Untracked 
|  67|0x0000000084300000, 0x0000000084400000, 0x0000000084400000|100%| O|  |TAMS 0x0000000084400000, 0x0000000084300000| Untracked 
|  68|0x0000000084400000, 0x0000000084500000, 0x0000000084500000|100%| O|  |TAMS 0x0000000084500000, 0x0000000084400000| Untracked 
|  69|0x0000000084500000, 0x0000000084600000, 0x0000000084600000|100%| O|  |TAMS 0x0000000084600000, 0x0000000084500000| Untracked 
|  70|0x0000000084600000, 0x0000000084700000, 0x0000000084700000|100%| O|  |TAMS 0x0000000084700000, 0x0000000084600000| Untracked 
|  71|0x0000000084700000, 0x0000000084800000, 0x0000000084800000|100%| O|  |TAMS 0x0000000084800000, 0x0000000084700000| Untracked 
|  72|0x0000000084800000, 0x0000000084900000, 0x0000000084900000|100%| O|  |TAMS 0x0000000084900000, 0x0000000084800000| Untracked 
|  73|0x0000000084900000, 0x0000000084a00000, 0x0000000084a00000|100%| O|  |TAMS 0x0000000084a00000, 0x0000000084900000| Untracked 
|  74|0x0000000084a00000, 0x0000000084b00000, 0x0000000084b00000|100%| O|  |TAMS 0x0000000084b00000, 0x0000000084a00000| Untracked 
|  75|0x0000000084b00000, 0x0000000084c00000, 0x0000000084c00000|100%| O|  |TAMS 0x0000000084c00000, 0x0000000084b00000| Untracked 
|  76|0x0000000084c00000, 0x0000000084d00000, 0x0000000084d00000|100%| O|  |TAMS 0x0000000084d00000, 0x0000000084c00000| Untracked 
|  77|0x0000000084d00000, 0x0000000084d69a00, 0x0000000084e00000| 41%| O|  |TAMS 0x0000000084d69a00, 0x0000000084d00000| Untracked 
|  78|0x0000000084e00000, 0x0000000084e00000, 0x0000000084f00000|  0%| F|  |TAMS 0x0000000084e00000, 0x0000000084e00000| Untracked 
|  79|0x0000000084f00000, 0x0000000084f00000, 0x0000000085000000|  0%| F|  |TAMS 0x0000000084f00000, 0x0000000084f00000| Untracked 
|  80|0x0000000085000000, 0x0000000085000000, 0x0000000085100000|  0%| F|  |TAMS 0x0000000085000000, 0x0000000085000000| Untracked 
|  81|0x0000000085100000, 0x0000000085100000, 0x0000000085200000|  0%| F|  |TAMS 0x0000000085100000, 0x0000000085100000| Untracked 
|  82|0x0000000085200000, 0x0000000085200000, 0x0000000085300000|  0%| F|  |TAMS 0x0000000085200000, 0x0000000085200000| Untracked 
|  83|0x0000000085300000, 0x0000000085300000, 0x0000000085400000|  0%| F|  |TAMS 0x0000000085300000, 0x0000000085300000| Untracked 
|  84|0x0000000085400000, 0x0000000085400000, 0x0000000085500000|  0%| F|  |TAMS 0x0000000085400000, 0x0000000085400000| Untracked 
|  85|0x0000000085500000, 0x0000000085500000, 0x0000000085600000|  0%| F|  |TAMS 0x0000000085500000, 0x0000000085500000| Untracked 
|  86|0x0000000085600000, 0x0000000085600000, 0x0000000085700000|  0%| F|  |TAMS 0x0000000085600000, 0x0000000085600000| Untracked 
|  87|0x0000000085700000, 0x0000000085700000, 0x0000000085800000|  0%| F|  |TAMS 0x0000000085700000, 0x0000000085700000| Untracked 
|  88|0x0000000085800000, 0x0000000085800000, 0x0000000085900000|  0%| F|  |TAMS 0x0000000085800000, 0x0000000085800000| Untracked 
|  89|0x0000000085900000, 0x0000000085900000, 0x0000000085a00000|  0%| F|  |TAMS 0x0000000085900000, 0x0000000085900000| Untracked 
|  90|0x0000000085a00000, 0x0000000085a00000, 0x0000000085b00000|  0%| F|  |TAMS 0x0000000085a00000, 0x0000000085a00000| Untracked 
|  91|0x0000000085b00000, 0x0000000085b00000, 0x0000000085c00000|  0%| F|  |TAMS 0x0000000085b00000, 0x0000000085b00000| Untracked 
|  92|0x0000000085c00000, 0x0000000085cf1fe8, 0x0000000085d00000| 94%| S|CS|TAMS 0x0000000085c00000, 0x0000000085c00000| Complete 
|  93|0x0000000085d00000, 0x0000000085e00000, 0x0000000085e00000|100%| S|CS|TAMS 0x0000000085d00000, 0x0000000085d00000| Complete 
|  94|0x0000000085e00000, 0x0000000085e00000, 0x0000000085f00000|  0%| F|  |TAMS 0x0000000085e00000, 0x0000000085e00000| Untracked 
|  95|0x0000000085f00000, 0x0000000085f00000, 0x0000000086000000|  0%| F|  |TAMS 0x0000000085f00000, 0x0000000085f00000| Untracked 
|  96|0x0000000086000000, 0x0000000086100000, 0x0000000086100000|100%| S|CS|TAMS 0x0000000086000000, 0x0000000086000000| Complete 
|  97|0x0000000086100000, 0x0000000086200000, 0x0000000086200000|100%| S|CS|TAMS 0x0000000086100000, 0x0000000086100000| Complete 
|  98|0x0000000086200000, 0x0000000086200000, 0x0000000086300000|  0%| F|  |TAMS 0x0000000086200000, 0x0000000086200000| Untracked 
|  99|0x0000000086300000, 0x0000000086300000, 0x0000000086400000|  0%| F|  |TAMS 0x0000000086300000, 0x0000000086300000| Untracked 
| 100|0x0000000086400000, 0x0000000086400000, 0x0000000086500000|  0%| F|  |TAMS 0x0000000086400000, 0x0000000086400000| Untracked 
| 101|0x0000000086500000, 0x0000000086500000, 0x0000000086600000|  0%| F|  |TAMS 0x0000000086500000, 0x0000000086500000| Untracked 
| 102|0x0000000086600000, 0x0000000086600000, 0x0000000086700000|  0%| F|  |TAMS 0x0000000086600000, 0x0000000086600000| Untracked 
| 103|0x0000000086700000, 0x0000000086700000, 0x0000000086800000|  0%| F|  |TAMS 0x0000000086700000, 0x0000000086700000| Untracked 
| 104|0x0000000086800000, 0x0000000086800000, 0x0000000086900000|  0%| F|  |TAMS 0x0000000086800000, 0x0000000086800000| Untracked 
| 105|0x0000000086900000, 0x0000000086900000, 0x0000000086a00000|  0%| F|  |TAMS 0x0000000086900000, 0x0000000086900000| Untracked 
| 106|0x0000000086a00000, 0x0000000086a00000, 0x0000000086b00000|  0%| F|  |TAMS 0x0000000086a00000, 0x0000000086a00000| Untracked 
| 107|0x0000000086b00000, 0x0000000086b00000, 0x0000000086c00000|  0%| F|  |TAMS 0x0000000086b00000, 0x0000000086b00000| Untracked 
| 108|0x0000000086c00000, 0x0000000086c00000, 0x0000000086d00000|  0%| F|  |TAMS 0x0000000086c00000, 0x0000000086c00000| Untracked 
| 109|0x0000000086d00000, 0x0000000086d00000, 0x0000000086e00000|  0%| F|  |TAMS 0x0000000086d00000, 0x0000000086d00000| Untracked 
| 110|0x0000000086e00000, 0x0000000086e00000, 0x0000000086f00000|  0%| F|  |TAMS 0x0000000086e00000, 0x0000000086e00000| Untracked 
| 111|0x0000000086f00000, 0x0000000086f00000, 0x0000000087000000|  0%| F|  |TAMS 0x0000000086f00000, 0x0000000086f00000| Untracked 
| 112|0x0000000087000000, 0x0000000087000000, 0x0000000087100000|  0%| F|  |TAMS 0x0000000087000000, 0x0000000087000000| Untracked 
| 113|0x0000000087100000, 0x0000000087100000, 0x0000000087200000|  0%| F|  |TAMS 0x0000000087100000, 0x0000000087100000| Untracked 
| 114|0x0000000087200000, 0x0000000087200000, 0x0000000087300000|  0%| F|  |TAMS 0x0000000087200000, 0x0000000087200000| Untracked 
| 115|0x0000000087300000, 0x0000000087300000, 0x0000000087400000|  0%| F|  |TAMS 0x0000000087300000, 0x0000000087300000| Untracked 
| 116|0x0000000087400000, 0x0000000087400000, 0x0000000087500000|  0%| F|  |TAMS 0x0000000087400000, 0x0000000087400000| Untracked 
| 117|0x0000000087500000, 0x0000000087500000, 0x0000000087600000|  0%| F|  |TAMS 0x0000000087500000, 0x0000000087500000| Untracked 
| 118|0x0000000087600000, 0x0000000087600000, 0x0000000087700000|  0%| F|  |TAMS 0x0000000087600000, 0x0000000087600000| Untracked 
| 119|0x0000000087700000, 0x0000000087700000, 0x0000000087800000|  0%| F|  |TAMS 0x0000000087700000, 0x0000000087700000| Untracked 
| 120|0x0000000087800000, 0x00000000878f8808, 0x0000000087900000| 97%| E|  |TAMS 0x0000000087800000, 0x0000000087800000| Complete 
| 121|0x0000000087900000, 0x0000000087a00000, 0x0000000087a00000|100%| E|CS|TAMS 0x0000000087900000, 0x0000000087900000| Complete 
| 122|0x0000000087a00000, 0x0000000087b00000, 0x0000000087b00000|100%| E|CS|TAMS 0x0000000087a00000, 0x0000000087a00000| Complete 
| 123|0x0000000087b00000, 0x0000000087c00000, 0x0000000087c00000|100%| E|CS|TAMS 0x0000000087b00000, 0x0000000087b00000| Complete 
| 124|0x0000000087c00000, 0x0000000087d00000, 0x0000000087d00000|100%| E|CS|TAMS 0x0000000087c00000, 0x0000000087c00000| Complete 
| 125|0x0000000087d00000, 0x0000000087e00000, 0x0000000087e00000|100%| E|CS|TAMS 0x0000000087d00000, 0x0000000087d00000| Complete 

Card table byte_map: [0x0000024e285c0000,0x0000024e289c0000] _byte_map_base: 0x0000024e281c0000

Marking Bits (Prev, Next): (CMBitMap*) 0x0000024e153c1420, (CMBitMap*) 0x0000024e153c13e8
 Prev Bits: [0x0000024e2adc0000, 0x0000024e2cdc0000)
 Next Bits: [0x0000024e28dc0000, 0x0000024e2adc0000)

Polling page: 0x0000024e14b60000

Metaspace:

Usage:
  Non-class:     80.32 MB capacity,    79.04 MB ( 98%) used,     1.04 MB (  1%) free+waste,   252.44 KB ( <1%) overhead. 
      Class:     12.64 MB capacity,    11.85 MB ( 94%) used,   697.38 KB (  5%) free+waste,   113.75 KB ( <1%) overhead. 
       Both:     92.97 MB capacity,    90.89 MB ( 98%) used,     1.72 MB (  2%) free+waste,   366.19 KB ( <1%) overhead. 

Virtual space:
  Non-class space:       82.00 MB reserved,      80.42 MB ( 98%) committed 
      Class space:        1.00 GB reserved,      12.75 MB (  1%) committed 
             Both:        1.08 GB reserved,      93.17 MB (  8%) committed 

Chunk freelists:
   Non-Class:  32.00 KB
       Class:  13.00 KB
        Both:  45.00 KB

MaxMetaspaceSize: 17179869184.00 GB
CompressedClassSpaceSize: 1.00 GB
Initial GC threshold: 20.80 MB
Current GC threshold: 154.66 MB
CDS: off

CodeHeap 'non-profiled nmethods': size=120000Kb used=5881Kb max_used=5881Kb free=114119Kb
 bounds [0x0000024e20960000, 0x0000024e20f20000, 0x0000024e27e90000]
CodeHeap 'profiled nmethods': size=120000Kb used=24028Kb max_used=24028Kb free=95971Kb
 bounds [0x0000024e19430000, 0x0000024e1abb0000, 0x0000024e20960000]
CodeHeap 'non-nmethods': size=5760Kb used=2411Kb max_used=2444Kb free=3348Kb
 bounds [0x0000024e18e90000, 0x0000024e19100000, 0x0000024e19430000]
 total_blobs=11773 nmethods=10849 adapters=834
 compilation: enabled
              stopped_count=0, restarted_count=0
 full_count=0

Compilation events (20 events):
Event: 47.896 Thread 0x0000024e2f835000 10949       3       sun.nio.fs.WindowsPathParser::normalize (233 bytes)
Event: 47.902 Thread 0x0000024e2f835000 nmethod 10949 0x0000024e1ab9e790 code [0x0000024e1ab9ee00, 0x0000024e1aba2308]
Event: 47.902 Thread 0x0000024e2f835000 10950       3       org.gradle.api.internal.tasks.properties.PropertyVisitor$Adapter::visitInputFileProperty (1 bytes)
Event: 47.903 Thread 0x0000024e2f835000 nmethod 10950 0x0000024e1aba3690 code [0x0000024e1aba3840, 0x0000024e1aba3938]
Event: 47.936 Thread 0x0000024e2f835000 10951       3       kotlin.internal.ProgressionUtilKt::mod (16 bytes)
Event: 47.937 Thread 0x0000024e2f835000 nmethod 10951 0x0000024e1aba3a10 code [0x0000024e1aba3bc0, 0x0000024e1aba3d18]
Event: 47.954 Thread 0x0000024e3019c000 nmethod 10811 0x0000024e20f11990 code [0x0000024e20f120c0, 0x0000024e20f18cd0]
Event: 47.954 Thread 0x0000024e3019c000 10889       4       java.util.AbstractCollection::toArray (144 bytes)
Event: 47.964 Thread 0x0000024e3019c000 nmethod 10889 0x0000024e20f1c010 code [0x0000024e20f1c1e0, 0x0000024e20f1c5f8]
Event: 47.964 Thread 0x0000024e3019c000 10812   !   4       java.net.URLClassLoader$1::run (63 bytes)
Event: 47.987 Thread 0x0000024e2f835000 10952       1       kotlin.io.FileTreeWalk$WalkState::getRoot (5 bytes)
Event: 47.987 Thread 0x0000024e2f835000 nmethod 10952 0x0000024e20f1c910 code [0x0000024e20f1cac0, 0x0000024e20f1cb78]
Event: 48.179 Thread 0x0000024e2f835000 10954       3       java.lang.invoke.InvokerBytecodeGenerator::methodPrologue (29 bytes)
Event: 48.180 Thread 0x0000024e2f835000 nmethod 10954 0x0000024e1aba3e10 code [0x0000024e1aba4000, 0x0000024e1aba4418]
Event: 48.180 Thread 0x0000024e2f835000 10955       3       java.lang.invoke.InvokerBytecodeGenerator::emitReturn (107 bytes)
Event: 48.181 Thread 0x0000024e2f835000 nmethod 10955 0x0000024e1aba4610 code [0x0000024e1aba4840, 0x0000024e1aba4e28]
Event: 48.181 Thread 0x0000024e2f835000 10956       3       java.lang.invoke.InvokerBytecodeGenerator::methodEpilogue (17 bytes)
Event: 48.181 Thread 0x0000024e2f835000 nmethod 10956 0x0000024e1aba5190 code [0x0000024e1aba5360, 0x0000024e1aba55f8]
Event: 48.185 Thread 0x0000024e2f835000 10961       3       jdk.internal.org.objectweb.asm.MethodWriter::endFrame (53 bytes)
Event: 48.186 Thread 0x0000024e2f835000 nmethod 10961 0x0000024e1aba5710 code [0x0000024e1aba5900, 0x0000024e1aba5dc8]

GC Heap History (20 events):
Event: 35.719 GC heap before
{Heap before GC invocations=18 (full 0):
 garbage-first heap   total 129024K, used 104924K [0x0000000080000000, 0x0000000100000000)
  region size 1024K, 48 young (49152K), 6 survivors (6144K)
 Metaspace       used 73817K, capacity 75355K, committed 75692K, reserved 1114112K
  class space    used 9558K, capacity 10140K, committed 10240K, reserved 1048576K
}
Event: 35.734 GC heap after
{Heap after GC invocations=19 (full 0):
 garbage-first heap   total 129024K, used 64518K [0x0000000080000000, 0x0000000100000000)
  region size 1024K, 3 young (3072K), 3 survivors (3072K)
 Metaspace       used 73817K, capacity 75355K, committed 75692K, reserved 1114112K
  class space    used 9558K, capacity 10140K, committed 10240K, reserved 1048576K
}
Event: 37.603 GC heap before
{Heap before GC invocations=19 (full 0):
 garbage-first heap   total 129024K, used 105478K [0x0000000080000000, 0x0000000100000000)
  region size 1024K, 43 young (44032K), 3 survivors (3072K)
 Metaspace       used 76921K, capacity 78668K, committed 78764K, reserved 1118208K
  class space    used 9988K, capacity 10671K, committed 10752K, reserved 1048576K
}
Event: 37.618 GC heap after
{Heap after GC invocations=20 (full 0):
 garbage-first heap   total 129024K, used 67732K [0x0000000080000000, 0x0000000100000000)
  region size 1024K, 6 young (6144K), 6 survivors (6144K)
 Metaspace       used 76921K, capacity 78668K, committed 78764K, reserved 1118208K
  class space    used 9988K, capacity 10671K, committed 10752K, reserved 1048576K
}
Event: 39.363 GC heap before
{Heap before GC invocations=21 (full 0):
 garbage-first heap   total 129024K, used 106644K [0x0000000080000000, 0x0000000100000000)
  region size 1024K, 44 young (45056K), 6 survivors (6144K)
 Metaspace       used 81589K, capacity 83390K, committed 83500K, reserved 1122304K
  class space    used 10645K, capacity 11337K, committed 11392K, reserved 1048576K
}
Event: 39.372 GC heap after
{Heap after GC invocations=22 (full 0):
 garbage-first heap   total 129024K, used 69714K [0x0000000080000000, 0x0000000100000000)
  region size 1024K, 3 young (3072K), 3 survivors (3072K)
 Metaspace       used 81589K, capacity 83390K, committed 83500K, reserved 1122304K
  class space    used 10645K, capacity 11337K, committed 11392K, reserved 1048576K
}
Event: 41.147 GC heap before
{Heap before GC invocations=22 (full 0):
 garbage-first heap   total 129024K, used 106578K [0x0000000080000000, 0x0000000100000000)
  region size 1024K, 40 young (40960K), 3 survivors (3072K)
 Metaspace       used 84390K, capacity 86279K, committed 86572K, reserved 1124352K
  class space    used 11082K, capacity 11806K, committed 11904K, reserved 1048576K
}
Event: 41.155 GC heap after
{Heap after GC invocations=23 (full 0):
 garbage-first heap   total 129024K, used 72041K [0x0000000080000000, 0x0000000100000000)
  region size 1024K, 5 young (5120K), 5 survivors (5120K)
 Metaspace       used 84390K, capacity 86279K, committed 86572K, reserved 1124352K
  class space    used 11082K, capacity 11806K, committed 11904K, reserved 1048576K
}
Event: 41.959 GC heap before
{Heap before GC invocations=24 (full 0):
 garbage-first heap   total 129024K, used 106857K [0x0000000080000000, 0x0000000100000000)
  region size 1024K, 40 young (40960K), 5 survivors (5120K)
 Metaspace       used 84870K, capacity 86873K, committed 87212K, reserved 1124352K
  class space    used 11120K, capacity 11911K, committed 12032K, reserved 1048576K
}
Event: 41.973 GC heap after
{Heap after GC invocations=25 (full 0):
 garbage-first heap   total 129024K, used 74544K [0x0000000080000000, 0x0000000100000000)
  region size 1024K, 3 young (3072K), 3 survivors (3072K)
 Metaspace       used 84870K, capacity 86873K, committed 87212K, reserved 1124352K
  class space    used 11120K, capacity 11911K, committed 12032K, reserved 1048576K
}
Event: 43.364 GC heap before
{Heap before GC invocations=25 (full 0):
 garbage-first heap   total 129024K, used 107312K [0x0000000080000000, 0x0000000100000000)
  region size 1024K, 36 young (36864K), 3 survivors (3072K)
 Metaspace       used 85426K, capacity 87467K, committed 87724K, reserved 1124352K
  class space    used 11166K, capacity 11939K, committed 12032K, reserved 1048576K
}
Event: 43.377 GC heap after
{Heap after GC invocations=26 (full 0):
 garbage-first heap   total 129024K, used 77350K [0x0000000080000000, 0x0000000100000000)
  region size 1024K, 5 young (5120K), 5 survivors (5120K)
 Metaspace       used 85426K, capacity 87467K, committed 87724K, reserved 1124352K
  class space    used 11166K, capacity 11939K, committed 12032K, reserved 1048576K
}
Event: 44.342 GC heap before
{Heap before GC invocations=27 (full 0):
 garbage-first heap   total 129024K, used 107046K [0x0000000080000000, 0x0000000100000000)
  region size 1024K, 35 young (35840K), 5 survivors (5120K)
 Metaspace       used 86226K, capacity 88224K, committed 88364K, reserved 1126400K
  class space    used 11258K, capacity 12032K, committed 12160K, reserved 1048576K
}
Event: 44.352 GC heap after
{Heap after GC invocations=28 (full 0):
 garbage-first heap   total 129024K, used 79413K [0x0000000080000000, 0x0000000100000000)
  region size 1024K, 3 young (3072K), 3 survivors (3072K)
 Metaspace       used 86226K, capacity 88224K, committed 88364K, reserved 1126400K
  class space    used 11258K, capacity 12032K, committed 12160K, reserved 1048576K
}
Event: 44.939 GC heap before
{Heap before GC invocations=28 (full 0):
 garbage-first heap   total 129024K, used 107061K [0x0000000080000000, 0x0000000100000000)
  region size 1024K, 31 young (31744K), 3 survivors (3072K)
 Metaspace       used 88272K, capacity 90304K, committed 90412K, reserved 1128448K
  class space    used 11535K, capacity 12320K, committed 12416K, reserved 1048576K
}
Event: 44.946 GC heap after
{Heap after GC invocations=29 (full 0):
 garbage-first heap   total 129024K, used 79719K [0x0000000080000000, 0x0000000100000000)
  region size 1024K, 3 young (3072K), 3 survivors (3072K)
 Metaspace       used 88272K, capacity 90304K, committed 90412K, reserved 1128448K
  class space    used 11535K, capacity 12320K, committed 12416K, reserved 1048576K
}
Event: 46.799 GC heap before
{Heap before GC invocations=30 (full 0):
 garbage-first heap   total 129024K, used 107367K [0x0000000080000000, 0x0000000100000000)
  region size 1024K, 31 young (31744K), 3 survivors (3072K)
 Metaspace       used 90359K, capacity 92323K, committed 92460K, reserved 1128448K
  class space    used 11790K, capacity 12566K, committed 12672K, reserved 1048576K
}
Event: 46.803 GC heap after
{Heap after GC invocations=31 (full 0):
 garbage-first heap   total 129024K, used 81059K [0x0000000080000000, 0x0000000100000000)
  region size 1024K, 2 young (2048K), 2 survivors (2048K)
 Metaspace       used 90359K, capacity 92323K, committed 92460K, reserved 1128448K
  class space    used 11790K, capacity 12566K, committed 12672K, reserved 1048576K
}
Event: 47.825 GC heap before
{Heap before GC invocations=31 (full 0):
 garbage-first heap   total 129024K, used 109731K [0x0000000080000000, 0x0000000100000000)
  region size 1024K, 30 young (30720K), 2 survivors (2048K)
 Metaspace       used 92264K, capacity 94449K, committed 94764K, reserved 1130496K
  class space    used 12010K, capacity 12804K, committed 12928K, reserved 1048576K
}
Event: 47.833 GC heap after
{Heap after GC invocations=32 (full 0):
 garbage-first heap   total 129024K, used 83310K [0x0000000080000000, 0x0000000100000000)
  region size 1024K, 4 young (4096K), 4 survivors (4096K)
 Metaspace       used 92264K, capacity 94449K, committed 94764K, reserved 1130496K
  class space    used 12010K, capacity 12804K, committed 12928K, reserved 1048576K
}

Deoptimization events (20 events):
Event: 47.610 Thread 0x0000024e33d6d800 DEOPT PACKING pc=0x0000024e20dfab0c sp=0x0000009d06cfa500
Event: 47.610 Thread 0x0000024e33d6d800 DEOPT UNPACKING pc=0x0000024e18e985af sp=0x0000009d06cfa4b8 mode 2
Event: 47.872 Thread 0x0000024e33d6d800 DEOPT PACKING pc=0x0000024e1a58d694 sp=0x0000009d06cf98e0
Event: 47.872 Thread 0x0000024e33d6d800 DEOPT UNPACKING pc=0x0000024e18ed9d0e sp=0x0000009d06cf8ca0 mode 0
Event: 47.893 Thread 0x0000024e33d6d800 Uncommon trap: trap_request=0xffffff4d fr.pc=0x0000024e20eb5da4 relative=0x00000000000017e4
Event: 47.893 Thread 0x0000024e33d6d800 Uncommon trap: reason=unstable_if action=reinterpret pc=0x0000024e20eb5da4 method=sun.nio.fs.WindowsPathParser.normalize(Ljava/lang/StringBuilder;Ljava/lang/String;I)Ljava/lang/String; @ 100 c2
Event: 47.893 Thread 0x0000024e33d6d800 DEOPT PACKING pc=0x0000024e20eb5da4 sp=0x0000009d06cf9920
Event: 47.893 Thread 0x0000024e33d6d800 DEOPT UNPACKING pc=0x0000024e18e985af sp=0x0000009d06cf9900 mode 2
Event: 47.987 Thread 0x0000024e33d6d800 Uncommon trap: trap_request=0xffffffde fr.pc=0x0000024e20dd9144 relative=0x0000000000000524
Event: 47.987 Thread 0x0000024e33d6d800 Uncommon trap: reason=class_check action=maybe_recompile pc=0x0000024e20dd9144 method=java.util.regex.Matcher.search(I)Z @ 121 c2
Event: 47.987 Thread 0x0000024e33d6d800 DEOPT PACKING pc=0x0000024e20dd9144 sp=0x0000009d06cf99d0
Event: 47.987 Thread 0x0000024e33d6d800 DEOPT UNPACKING pc=0x0000024e18e985af sp=0x0000009d06cf9980 mode 2
Event: 47.987 Thread 0x0000024e33d6d800 Uncommon trap: trap_request=0xffffffde fr.pc=0x0000024e20dd9144 relative=0x0000000000000524
Event: 47.987 Thread 0x0000024e33d6d800 Uncommon trap: reason=class_check action=maybe_recompile pc=0x0000024e20dd9144 method=java.util.regex.Matcher.search(I)Z @ 121 c2
Event: 47.987 Thread 0x0000024e33d6d800 DEOPT PACKING pc=0x0000024e20dd9144 sp=0x0000009d06cf99d0
Event: 47.987 Thread 0x0000024e33d6d800 DEOPT UNPACKING pc=0x0000024e18e985af sp=0x0000009d06cf9980 mode 2
Event: 48.294 Thread 0x0000024e33d7b000 Uncommon trap: trap_request=0xffffff4d fr.pc=0x0000024e209dde08 relative=0x0000000000000de8
Event: 48.295 Thread 0x0000024e33d7b000 Uncommon trap: reason=unstable_if action=reinterpret pc=0x0000024e209dde08 method=java.io.BufferedReader.readLine(Z)Ljava/lang/String; @ 192 c2
Event: 48.295 Thread 0x0000024e33d7b000 DEOPT PACKING pc=0x0000024e209dde08 sp=0x0000009d06aff1a0
Event: 48.295 Thread 0x0000024e33d7b000 DEOPT UNPACKING pc=0x0000024e18e985af sp=0x0000009d06aff158 mode 2

Classes redefined (0 events):
No events

Internal exceptions (20 events):
Event: 40.236 Thread 0x0000024e3248c000 Exception <a 'java/lang/NoSuchMethodError'{0x000000008675c058}: <clinit>> (0x000000008675c058) thrown at [./src/hotspot/share/prims/jni.cpp, line 1365]
Event: 40.237 Thread 0x0000024e33d76800 Exception <a 'java/lang/NoSuchMethodError'{0x0000000086729bd0}: 'java.lang.Object java.lang.invoke.DirectMethodHandle$Holder.invokeInterface(java.lang.Object, java.lang.Object, int)'> (0x0000000086729bd0) thrown at [./src/hotspot/share/interpreter/linkResolver.cpp, line 773]
Event: 40.243 Thread 0x0000024e33d76800 Exception <a 'java/lang/NoSuchMethodError'{0x0000000086763440}: 'void java.lang.invoke.DirectMethodHandle$Holder.invokeStatic(java.lang.Object, java.lang.Object, java.lang.Object, int)'> (0x0000000086763440) thrown at [./src/hotspot/share/interpreter/linkResolver.cpp, line 773]
Event: 40.312 Thread 0x0000024e33d76800 Implicit null exception at 0x0000024e20c49ff7 to 0x0000024e20c4a190
Event: 40.339 Thread 0x0000024e33d76800 Exception <a 'java/lang/IncompatibleClassChangeError'{0x00000000865262a8}: Found class java.lang.Object, but interface was expected> (0x00000000865262a8) thrown at [./src/hotspot/share/interpreter/linkResolver.cpp, line 839]
Event: 40.431 Thread 0x0000024e33d76800 Exception <a 'java/lang/NoSuchMethodError'{0x00000000863b0480}: 'int java.lang.invoke.DirectMethodHandle$Holder.invokeStaticInit(java.lang.Object, java.lang.Object, java.lang.Object, java.lang.Object, java.lang.Object)'> (0x00000000863b0480) thrown at [./src/hotspot/share/interpreter/linkResolver.cpp, line 773]
Event: 41.131 Thread 0x0000024e33d76800 Exception <a 'java/lang/NoSuchMethodError'{0x0000000085cfe638}: 'void java.lang.invoke.DirectMethodHandle$Holder.invokeStatic(java.lang.Object, java.lang.Object, java.lang.Object, java.lang.Object, int, java.lang.Object, java.lang.Object)'> (0x0000000085cfe638) thrown at [./src/hotspot/share/interpreter/linkResolver.cpp, line 773]
Event: 41.189 Thread 0x0000024e32281000 Exception <a 'java/lang/NoSuchMethodError'{0x0000000087ce03d8}: 'java.lang.Object java.lang.invoke.DirectMethodHandle$Holder.invokeSpecialIFC(java.lang.Object, java.lang.Object, java.lang.Object)'> (0x0000000087ce03d8) thrown at [./src/hotspot/share/interpreter/linkResolver.cpp, line 773]
Event: 42.997 Thread 0x0000024e33d6d800 Exception <a 'java/lang/NoSuchMethodError'{0x0000000086454b40}: <clinit>> (0x0000000086454b40) thrown at [./src/hotspot/share/prims/jni.cpp, line 1365]
Event: 42.997 Thread 0x0000024e33d6d800 Exception <a 'java/lang/NoSuchMethodError'{0x0000000086456148}: <clinit>> (0x0000000086456148) thrown at [./src/hotspot/share/prims/jni.cpp, line 1365]
Event: 42.998 Thread 0x0000024e33d6d800 Exception <a 'java/lang/NoSuchMethodError'{0x0000000086459028}: <clinit>> (0x0000000086459028) thrown at [./src/hotspot/share/prims/jni.cpp, line 1365]
Event: 43.002 Thread 0x0000024e33d6d800 Exception <a 'java/lang/NoSuchMethodError'{0x0000000086470540}: <clinit>> (0x0000000086470540) thrown at [./src/hotspot/share/prims/jni.cpp, line 1365]
Event: 43.002 Thread 0x0000024e33d6d800 Exception <a 'java/lang/NoSuchMethodError'{0x0000000086471778}: <clinit>> (0x0000000086471778) thrown at [./src/hotspot/share/prims/jni.cpp, line 1365]
Event: 47.246 Thread 0x0000024e33d6d800 Exception <a 'java/lang/NoSuchMethodError'{0x0000000086b57b30}: 'int java.lang.invoke.DirectMethodHandle$Holder.invokeSpecial(java.lang.Object, java.lang.Object, java.lang.Object, java.lang.Object, java.lang.Object)'> (0x0000000086b57b30) thrown at [./src/hotspot/share/interpreter/linkResolver.cpp, line 773]
Event: 47.351 Thread 0x0000024e33d6d800 Exception <a 'java/lang/NoSuchMethodError'{0x0000000086859b18}: 'void java.lang.invoke.DirectMethodHandle$Holder.invokeVirtual(java.lang.Object, java.lang.Object)'> (0x0000000086859b18) thrown at [./src/hotspot/share/interpreter/linkResolver.cpp, line 773]
Event: 48.179 Thread 0x0000024e33d6d800 Exception <a 'java/lang/NoSuchMethodError'{0x000000008784fc80}: 'void java.lang.invoke.DirectMethodHandle$Holder.invokeStatic(java.lang.Object, long)'> (0x000000008784fc80) thrown at [./src/hotspot/share/interpreter/linkResolver.cpp, line 773]
Event: 48.180 Thread 0x0000024e33d6d800 Exception <a 'java/lang/NoSuchMethodError'{0x0000000087855938}: 'java.lang.Object java.lang.invoke.DirectMethodHandle$Holder.invokeStatic(java.lang.Object, long)'> (0x0000000087855938) thrown at [./src/hotspot/share/interpreter/linkResolver.cpp, line 773]
Event: 48.185 Thread 0x0000024e33d6d800 Exception <a 'java/lang/NoSuchMethodError'{0x0000000087864498}: 'java.lang.Object java.lang.invoke.DirectMethodHandle$Holder.invokeStaticInit(java.lang.Object, java.lang.Object, long, java.lang.Object)'> (0x0000000087864498) thrown at [./src/hotspot/share/interpreter/linkResolver.cpp, line 773]
Event: 48.186 Thread 0x0000024e33d6d800 Exception <a 'java/lang/NoSuchMethodError'{0x000000008786b0e8}: 'java.lang.Object java.lang.invoke.DirectMethodHandle$Holder.invokeStatic(java.lang.Object, java.lang.Object, long)'> (0x000000008786b0e8) thrown at [./src/hotspot/share/interpreter/linkResolver.cpp, line 773]
Event: 48.187 Thread 0x0000024e33d6d800 Exception <a 'java/lang/NoSuchMethodError'{0x0000000087871e58}: 'java.lang.Object java.lang.invoke.Invokers$Holder.linkToTargetMethod(java.lang.Object, long, java.lang.Object)'> (0x0000000087871e58) thrown at [./src/hotspot/share/interpreter/linkResolver.cpp, line 773]

Events (20 events):
Event: 48.193 loading class java/util/concurrent/Semaphore$Sync
Event: 48.193 loading class java/util/concurrent/Semaphore$Sync done
Event: 48.193 loading class java/util/concurrent/Semaphore$NonfairSync done
Event: 48.193 loading class org/jetbrains/kotlin/daemon/client/KotlinCompilerClient$startDaemon$stdoutThread$1
Event: 48.193 loading class org/jetbrains/kotlin/daemon/client/KotlinCompilerClient$startDaemon$stdoutThread$1 done
Event: 48.195 loading class kotlin/concurrent/ThreadsKt
Event: 48.195 loading class kotlin/concurrent/ThreadsKt done
Event: 48.195 loading class kotlin/concurrent/ThreadsKt
Event: 48.195 loading class kotlin/concurrent/ThreadsKt done
Event: 48.196 loading class kotlin/concurrent/ThreadsKt$thread$thread$1
Event: 48.196 loading class kotlin/concurrent/ThreadsKt$thread$thread$1 done
Event: 48.197 Thread 0x0000024e33d7b000 Thread added: 0x0000024e33d7b000
Event: 48.198 loading class org/jetbrains/kotlin/daemon/client/KotlinCompilerClient$startDaemon$stdoutThread$1$1
Event: 48.198 loading class org/jetbrains/kotlin/daemon/client/KotlinCompilerClient$startDaemon$stdoutThread$1$1 done
Event: 48.199 loading class kotlin/io/LinesSequence
Event: 48.199 loading class kotlin/io/LinesSequence done
Event: 48.200 loading class kotlin/io/LinesSequence$iterator$1
Event: 48.200 loading class kotlin/io/LinesSequence$iterator$1 done
Event: 48.294 Executing VM operation: RevokeBias
Event: 48.294 Executing VM operation: RevokeBias done


Dynamic libraries:
0x00007ff7e4670000 - 0x00007ff7e467a000 	C:\Program Files\Android\Android Studio\jre\bin\java.exe
0x00007ffe5a150000 - 0x00007ffe5a348000 	C:\WINDOWS\SYSTEM32\ntdll.dll
0x00007ffe59eb0000 - 0x00007ffe59f6d000 	C:\WINDOWS\System32\KERNEL32.DLL
0x00007ffe57c60000 - 0x00007ffe57f2e000 	C:\WINDOWS\System32\KERNELBASE.dll
0x00007ffe57870000 - 0x00007ffe57970000 	C:\WINDOWS\System32\ucrtbase.dll
0x00007ffe3de30000 - 0x00007ffe3de49000 	C:\Program Files\Android\Android Studio\jre\bin\jli.dll
0x00007ffe3da10000 - 0x00007ffe3da27000 	C:\Program Files\Android\Android Studio\jre\bin\VCRUNTIME140.dll
0x00007ffe59f70000 - 0x00007ffe5a110000 	C:\WINDOWS\System32\USER32.dll
0x00007ffe3bda0000 - 0x00007ffe3c03a000 	C:\WINDOWS\WinSxS\amd64_microsoft.windows.common-controls_6595b64144ccf1df_6.0.19041.1110_none_60b5254171f9507e\COMCTL32.dll
0x00007ffe57bc0000 - 0x00007ffe57be2000 	C:\WINDOWS\System32\win32u.dll
0x00007ffe591b0000 - 0x00007ffe5924e000 	C:\WINDOWS\System32\msvcrt.dll
0x00007ffe58d30000 - 0x00007ffe58d5a000 	C:\WINDOWS\System32\GDI32.dll
0x00007ffe57f30000 - 0x00007ffe5803b000 	C:\WINDOWS\System32\gdi32full.dll
0x00007ffe57970000 - 0x00007ffe57a0d000 	C:\WINDOWS\System32\msvcp_win.dll
0x00007ffe581b0000 - 0x00007ffe581e0000 	C:\WINDOWS\System32\IMM32.DLL
0x00007ffe0cfd0000 - 0x00007ffe0d06d000 	C:\Program Files\Android\Android Studio\jre\bin\msvcp140.dll
0x00007ffdd86f0000 - 0x00007ffdd91d5000 	C:\Program Files\Android\Android Studio\jre\bin\server\jvm.dll
0x00007ffe596c0000 - 0x00007ffe5976e000 	C:\WINDOWS\System32\ADVAPI32.dll
0x00007ffe59770000 - 0x00007ffe5980c000 	C:\WINDOWS\System32\sechost.dll
0x00007ffe581e0000 - 0x00007ffe58305000 	C:\WINDOWS\System32\RPCRT4.dll
0x00007ffe59dc0000 - 0x00007ffe59dc8000 	C:\WINDOWS\System32\PSAPI.DLL
0x00007ffe4e550000 - 0x00007ffe4e559000 	C:\WINDOWS\SYSTEM32\WSOCK32.dll
0x00007ffe4c5e0000 - 0x00007ffe4c5ea000 	C:\WINDOWS\SYSTEM32\VERSION.dll
0x00007ffe38d30000 - 0x00007ffe38d57000 	C:\WINDOWS\SYSTEM32\WINMM.dll
0x00007ffe58e40000 - 0x00007ffe58eab000 	C:\WINDOWS\System32\WS2_32.dll
0x00007ffe56120000 - 0x00007ffe56132000 	C:\WINDOWS\SYSTEM32\kernel.appcore.dll
0x00007ffe4e560000 - 0x00007ffe4e571000 	C:\Program Files\Android\Android Studio\jre\bin\verify.dll
0x00007ffe51380000 - 0x00007ffe51564000 	C:\WINDOWS\SYSTEM32\DBGHELP.DLL
0x00007ffe38d60000 - 0x00007ffe38d8c000 	C:\WINDOWS\SYSTEM32\dbgcore.DLL
0x00007ffe58070000 - 0x00007ffe580f2000 	C:\WINDOWS\System32\bcryptPrimitives.dll
0x00007ffe3ec50000 - 0x00007ffe3ec79000 	C:\Program Files\Android\Android Studio\jre\bin\java.dll
0x00007ffe4e460000 - 0x00007ffe4e46b000 	C:\Program Files\Android\Android Studio\jre\bin\jimage.dll
0x00007ffe3ec30000 - 0x00007ffe3ec48000 	C:\Program Files\Android\Android Studio\jre\bin\zip.dll
0x00007ffe58310000 - 0x00007ffe58a53000 	C:\WINDOWS\System32\SHELL32.dll
0x00007ffe55940000 - 0x00007ffe560d5000 	C:\WINDOWS\SYSTEM32\windows.storage.dll
0x00007ffe59940000 - 0x00007ffe59c94000 	C:\WINDOWS\System32\combase.dll
0x00007ffe57200000 - 0x00007ffe57230000 	C:\WINDOWS\SYSTEM32\Wldp.dll
0x00007ffe59810000 - 0x00007ffe598bd000 	C:\WINDOWS\System32\SHCORE.dll
0x00007ffe58eb0000 - 0x00007ffe58f05000 	C:\WINDOWS\System32\shlwapi.dll
0x00007ffe577b0000 - 0x00007ffe577cf000 	C:\WINDOWS\SYSTEM32\profapi.dll
0x00007ffe3e060000 - 0x00007ffe3e07a000 	C:\Program Files\Android\Android Studio\jre\bin\net.dll
0x00007ffe3c200000 - 0x00007ffe3c30a000 	C:\WINDOWS\SYSTEM32\WINHTTP.dll
0x00007ffe56f60000 - 0x00007ffe56fca000 	C:\WINDOWS\system32\mswsock.dll
0x00007ffe3e040000 - 0x00007ffe3e054000 	C:\Program Files\Android\Android Studio\jre\bin\nio.dll
0x00007ffe3d9a0000 - 0x00007ffe3d9c7000 	C:\Users\micha\.gradle\native\e1d6ef7f7dcc3fd88c89a11ec53ec762bb8ba0a96d01ffa2cd45eb1d1d8dd5c5\windows-amd64\native-platform.dll
0x00007ffdf4360000 - 0x00007ffdf44a4000 	C:\Users\micha\.gradle\native\5664cfc778a61ccfe75a443a1ab52a65af34e5dc3c78e0209fed803814484fcb\windows-amd64\native-platform-file-events.dll
0x00007ffe3ec20000 - 0x00007ffe3ec2a000 	C:\Program Files\Android\Android Studio\jre\bin\management.dll
0x00007ffe3e6a0000 - 0x00007ffe3e6ad000 	C:\Program Files\Android\Android Studio\jre\bin\management_ext.dll
0x00007ffe57160000 - 0x00007ffe57178000 	C:\WINDOWS\SYSTEM32\CRYPTSP.dll
0x00007ffe568e0000 - 0x00007ffe56914000 	C:\WINDOWS\system32\rsaenh.dll
0x00007ffe58040000 - 0x00007ffe58067000 	C:\WINDOWS\System32\bcrypt.dll
0x00007ffe57770000 - 0x00007ffe5779e000 	C:\WINDOWS\SYSTEM32\USERENV.dll
0x00007ffe57150000 - 0x00007ffe5715c000 	C:\WINDOWS\SYSTEM32\CRYPTBASE.dll
0x00007ffe56c50000 - 0x00007ffe56c8b000 	C:\WINDOWS\SYSTEM32\IPHLPAPI.DLL
0x00007ffe59dd0000 - 0x00007ffe59dd8000 	C:\WINDOWS\System32\NSI.dll
0x00007ffe49300000 - 0x00007ffe49317000 	C:\WINDOWS\SYSTEM32\dhcpcsvc6.DLL
0x00007ffe4b4f0000 - 0x00007ffe4b50d000 	C:\WINDOWS\SYSTEM32\dhcpcsvc.DLL
0x00007ffe56c90000 - 0x00007ffe56d5a000 	C:\WINDOWS\SYSTEM32\DNSAPI.dll
0x00007ffe3d190000 - 0x00007ffe3d1ae000 	C:\Users\micha\AppData\Local\Temp\native-platform14315718795462343783dir\native-platform.dll

dbghelp: loaded successfully - version: 4.0.5 - missing functions: none
symbol engine: initialized successfully - sym options: 0x614 - pdb path: .;C:\Program Files\Android\Android Studio\jre\bin;C:\WINDOWS\SYSTEM32;C:\WINDOWS\WinSxS\amd64_microsoft.windows.common-controls_6595b64144ccf1df_6.0.19041.1110_none_60b5254171f9507e;C:\Program Files\Android\Android Studio\jre\bin\server;C:\Users\micha\.gradle\native\e1d6ef7f7dcc3fd88c89a11ec53ec762bb8ba0a96d01ffa2cd45eb1d1d8dd5c5\windows-amd64;C:\Users\micha\.gradle\native\5664cfc778a61ccfe75a443a1ab52a65af34e5dc3c78e0209fed803814484fcb\windows-amd64;C:\Users\micha\AppData\Local\Temp\native-platform14315718795462343783dir

VM Arguments:
jvm_args: --add-opens=java.base/java.util=ALL-UNNAMED --add-opens=java.base/java.lang=ALL-UNNAMED --add-opens=java.base/java.lang.invoke=ALL-UNNAMED --add-opens=java.base/java.util=ALL-UNNAMED --add-opens=java.prefs/java.util.prefs=ALL-UNNAMED --add-opens=java.prefs/java.util.prefs=ALL-UNNAMED --add-opens=java.base/java.nio.charset=ALL-UNNAMED --add-opens=java.base/java.net=ALL-UNNAMED --add-opens=java.base/java.util.concurrent.atomic=ALL-UNNAMED -Xmx2048m -Dfile.encoding=UTF-8 -Duser.country=GB -Duser.language=en -Duser.variant 
java_command: org.gradle.launcher.daemon.bootstrap.GradleDaemon 7.3.3
java_class_path (initial): C:\Users\micha\.gradle\wrapper\dists\gradle-7.3.3-bin\6a41zxkdtcxs8rphpq6y0069z\gradle-7.3.3\lib\gradle-launcher-7.3.3.jar
Launcher Type: SUN_STANDARD

[Global flags]
     intx CICompilerCount                          = 4                                         {product} {ergonomic}
     uint ConcGCThreads                            = 2                                         {product} {ergonomic}
     uint G1ConcRefinementThreads                  = 8                                         {product} {ergonomic}
   size_t G1HeapRegionSize                         = 1048576                                   {product} {ergonomic}
    uintx GCDrainStackTargetSize                   = 64                                        {product} {ergonomic}
   size_t InitialHeapSize                          = 132120576                                 {product} {ergonomic}
   size_t MarkStackSize                            = 4194304                                   {product} {ergonomic}
   size_t MaxHeapSize                              = 2147483648                                {product} {command line}
   size_t MaxNewSize                               = 1287651328                                {product} {ergonomic}
   size_t MinHeapDeltaBytes                        = 1048576                                   {product} {ergonomic}
    uintx NonNMethodCodeHeapSize                   = 5836300                                {pd product} {ergonomic}
    uintx NonProfiledCodeHeapSize                  = 122910970                              {pd product} {ergonomic}
    uintx ProfiledCodeHeapSize                     = 122910970                              {pd product} {ergonomic}
    uintx ReservedCodeCacheSize                    = 251658240                              {pd product} {ergonomic}
     bool SegmentedCodeCache                       = true                                      {product} {ergonomic}
     bool UseCompressedClassPointers               = true                                 {lp64_product} {ergonomic}
     bool UseCompressedOops                        = true                                 {lp64_product} {ergonomic}
     bool UseG1GC                                  = true                                      {product} {ergonomic}
     bool UseLargePagesIndividualAllocation        = false                                  {pd product} {ergonomic}

Logging:
Log output configuration:
 #0: stdout all=warning uptime,level,tags
 #1: stderr all=off uptime,level,tags

Environment Variables:
PATH=C:\Program Files\Microsoft\jdk-11.0.12.7-hotspot\bin;C:\Python310\Scripts\;C:\Python310\;C:\Program Files (x86)\Common Files\Oracle\Java\javapath;C:\Program Files\Common Files\Oracle\Java\javapath;C:\WINDOWS\system32;C:\WINDOWS;C:\WINDOWS\System32\Wbem;C:\WINDOWS\System32\WindowsPowerShell\v1.0\;C:\WINDOWS\System32\OpenSSH\;C:\Program Files\Git\cmd;C:\ProgramData\chocolatey\bin;C:\nvm;C:\Program Files\nodejs;C:\Program Files\Wolfram Research\WolframScript\;C:\xampp\php;C:\composer;C:\Program Files\PuTTY\;C:\Ruby27-x64\bin;C:\Users\micha\AppData\Local\Microsoft\WindowsApps;C:\Users\micha\AppData\Roaming\npm;C:\nvm;C:\Program Files\nodejs;C:\Users\micha\AppData\Local\GitHubDesktop\bin;C:\ProgramData\micha\GitHubDesktop\bin;C:\Users\micha\AppData\Local\Programs\Microsoft VS Code\bin;C:\Users\micha\AppData\Roaming\Composer\vendor\bin
USERNAME=micha
OS=Windows_NT
PROCESSOR_IDENTIFIER=Intel64 Family 6 Model 126 Stepping 5, GenuineIntel



---------------  S Y S T E M  ---------------

OS: Windows 10 , 64 bit Build 19041 (10.0.19041.1889)
OS uptime: 18 days 8:45 hours

CPU:total 8 (initial active 8) (4 cores per cpu, 2 threads per core) family 6 model 126 stepping 5 microcode 0x56, cmov, cx8, fxsr, mmx, sse, sse2, sse3, ssse3, sse4.1, sse4.2, popcnt, avx, avx2, aes, clmul, erms, 3dnowpref, lzcnt, ht, tsc, tscinvbit, bmi1, bmi2, adx, evex, sha, fma

Memory: 4k page, system-wide physical 7973M (298M free)
TotalPageFile size 32549M (AvailPageFile size 70M)
current process WorkingSet (physical memory assigned to process): 377M, peak: 379M
current process commit charge ("private bytes"): 417M, peak: 419M

vm_info: OpenJDK 64-Bit Server VM (11.0.12+7-b1504.28-7817840) for windows-amd64 JRE (11.0.12+7-b1504.28-7817840), built on Oct 13 2021 22:12:33 by "builder" with MS VC++ 14.0 (VS2015)

END.
